2025-05-15T12:47:32.498+08:00  INFO 9588 --- [main] xjtu.BackEndApplication                  : Starting BackEndApplication using Java 17.0.12 with PID 9588 (D:\GraphAlignment-Visualization\BackEnd\target\classes started by уеохиЗ in D:\GraphAlignment-Visualization\BackEnd)
2025-05-15T12:47:32.498+08:00 DEBUG 9588 --- [main] xjtu.BackEndApplication                  : Running with Spring Boot v3.4.1, Spring v6.2.1
2025-05-15T12:47:32.498+08:00  INFO 9588 --- [main] xjtu.BackEndApplication                  : No active profile set, falling back to 1 default profile: "default"
2025-05-15T12:47:32.956+08:00  INFO 9588 --- [main] .s.d.r.c.RepositoryConfigurationDelegate : Multiple Spring Data modules found, entering strict repository configuration mode
2025-05-15T12:47:32.958+08:00  INFO 9588 --- [main] .s.d.r.c.RepositoryConfigurationDelegate : Bootstrapping Spring Data Neo4j repositories in DEFAULT mode.
2025-05-15T12:47:32.979+08:00  INFO 9588 --- [main] .s.d.r.c.RepositoryConfigurationDelegate : Finished Spring Data repository scanning in 6 ms. Found 0 Neo4j repository interfaces.
2025-05-15T12:47:32.988+08:00  INFO 9588 --- [main] .s.d.r.c.RepositoryConfigurationDelegate : Multiple Spring Data modules found, entering strict repository configuration mode
2025-05-15T12:47:32.988+08:00  INFO 9588 --- [main] .s.d.r.c.RepositoryConfigurationDelegate : Bootstrapping Spring Data Neo4j repositories in DEFAULT mode.
2025-05-15T12:47:32.994+08:00  INFO 9588 --- [main] .s.d.r.c.RepositoryConfigurationDelegate : Finished Spring Data repository scanning in 3 ms. Found 0 Neo4j repository interfaces.
2025-05-15T12:47:33.010+08:00  INFO 9588 --- [main] .s.d.r.c.RepositoryConfigurationDelegate : Multiple Spring Data modules found, entering strict repository configuration mode
2025-05-15T12:47:33.020+08:00  INFO 9588 --- [main] .s.d.r.c.RepositoryConfigurationDelegate : Bootstrapping Spring Data Redis repositories in DEFAULT mode.
2025-05-15T12:47:33.039+08:00  INFO 9588 --- [main] .s.d.r.c.RepositoryConfigurationDelegate : Finished Spring Data repository scanning in 3 ms. Found 0 Redis repository interfaces.
2025-05-15T12:47:33.452+08:00  INFO 9588 --- [main] o.s.b.w.embedded.tomcat.TomcatWebServer  : Tomcat initialized with port 8080 (http)
2025-05-15T12:47:33.455+08:00  INFO 9588 --- [main] o.apache.catalina.core.StandardService   : Starting service [Tomcat]
2025-05-15T12:47:33.471+08:00  INFO 9588 --- [main] o.apache.catalina.core.StandardEngine    : Starting Servlet engine: [Apache Tomcat/10.1.34]
2025-05-15T12:47:33.522+08:00  INFO 9588 --- [main] o.a.c.c.C.[Tomcat].[localhost].[/]       : Initializing Spring embedded WebApplicationContext
2025-05-15T12:47:33.527+08:00  INFO 9588 --- [main] w.s.c.ServletWebServerApplicationContext : Root WebApplicationContext: initialization completed in 990 ms
2025-05-15T12:47:34.334+08:00  INFO 9588 --- [main] o.neo4j.driver.internal.DriverFactory    : Direct driver instance 140736469 created for server address localhost:7687
2025-05-15T12:47:34.493+08:00  INFO 9588 --- [main] o.s.b.w.embedded.tomcat.TomcatWebServer  : Tomcat started on port 8080 (http) with context path '/'
2025-05-15T12:47:34.499+08:00  INFO 9588 --- [main] xjtu.BackEndApplication                  : Started BackEndApplication in 2.335 seconds (process running for 2.609)
2025-05-15T12:47:49.340+08:00  INFO 9588 --- [http-nio-8080-exec-1] o.a.c.c.C.[Tomcat].[localhost].[/]       : Initializing Spring DispatcherServlet 'dispatcherServlet'
2025-05-15T12:47:49.340+08:00  INFO 9588 --- [http-nio-8080-exec-1] o.s.web.servlet.DispatcherServlet        : Initializing Servlet 'dispatcherServlet'
2025-05-15T12:47:49.340+08:00  INFO 9588 --- [http-nio-8080-exec-1] o.s.web.servlet.DispatcherServlet        : Completed initialization in 0 ms
2025-05-15T12:47:49.470+08:00  INFO 9588 --- [http-nio-8080-exec-3] com.zaxxer.hikari.HikariDataSource       : HikariPool-1 - Starting...
2025-05-15T12:47:49.815+08:00  INFO 9588 --- [http-nio-8080-exec-3] com.zaxxer.hikari.pool.HikariPool        : HikariPool-1 - Added connection com.mysql.cj.jdbc.ConnectionImpl@4b2b1fc3
2025-05-15T12:47:49.824+08:00  INFO 9588 --- [http-nio-8080-exec-3] com.zaxxer.hikari.HikariDataSource       : HikariPool-1 - Start completed.
2025-05-15T12:47:49.824+08:00 DEBUG 9588 --- [http-nio-8080-exec-3] xjtu.dao.UserDao.findUserByAccount       : ==>  Preparing: SELECT * FROM user WHERE account = ?;
2025-05-15T12:47:49.844+08:00 DEBUG 9588 --- [http-nio-8080-exec-3] xjtu.dao.UserDao.findUserByAccount       : ==> Parameters: admin(String)
2025-05-15T12:47:49.889+08:00 DEBUG 9588 --- [http-nio-8080-exec-3] xjtu.dao.UserDao.findUserByAccount       : <==      Total: 1
2025-05-15T12:47:49.889+08:00 DEBUG 9588 --- [http-nio-8080-exec-3] xjtu.dao.UserDao.login                   : ==>  Preparing: SELECT COUNT(*) AS count FROM user WHERE account = ? AND pwd = ?;
2025-05-15T12:47:49.899+08:00 DEBUG 9588 --- [http-nio-8080-exec-3] xjtu.dao.UserDao.login                   : ==> Parameters: admin(String), 123(String)
2025-05-15T12:47:49.899+08:00 DEBUG 9588 --- [http-nio-8080-exec-3] xjtu.dao.UserDao.login                   : <==      Total: 1
2025-05-15T12:47:49.899+08:00 DEBUG 9588 --- [http-nio-8080-exec-3] xjtu.dao.RoleDao.findRoleByAccount       : ==>  Preparing: select * from role where account = ?;
2025-05-15T12:47:49.899+08:00 DEBUG 9588 --- [http-nio-8080-exec-3] xjtu.dao.RoleDao.findRoleByAccount       : ==> Parameters: admin(String)
2025-05-15T12:47:49.909+08:00 DEBUG 9588 --- [http-nio-8080-exec-3] xjtu.dao.RoleDao.findRoleByAccount       : <==      Total: 1
2025-05-15T12:47:49.909+08:00 DEBUG 9588 --- [http-nio-8080-exec-3] xjtu.dao.RoleDictDao.getRoleNameById     : ==>  Preparing: select role_name from role_dict where role = ?;
2025-05-15T12:47:49.919+08:00 DEBUG 9588 --- [http-nio-8080-exec-3] xjtu.dao.RoleDictDao.getRoleNameById     : ==> Parameters: 0(Integer)
2025-05-15T12:47:49.919+08:00 DEBUG 9588 --- [http-nio-8080-exec-3] xjtu.dao.RoleDictDao.getRoleNameById     : <==      Total: 1
2025-05-15T12:48:07.070+08:00 DEBUG 9588 --- [http-nio-8080-exec-1] xjtu.dao.OutcomeDao.getOutcome           : ==>  Preparing: select * from outcome where evaluation != '';
2025-05-15T12:48:07.070+08:00 DEBUG 9588 --- [http-nio-8080-exec-9] xjtu.dao.OutcomeDao.getOutcome           : ==>  Preparing: select * from outcome where evaluation != '';
2025-05-15T12:48:07.070+08:00 DEBUG 9588 --- [http-nio-8080-exec-3] xjtu.dao.OutcomeDao.getOutcome           : ==>  Preparing: select * from outcome where evaluation != '';
2025-05-15T12:48:07.070+08:00 DEBUG 9588 --- [http-nio-8080-exec-9] xjtu.dao.OutcomeDao.getOutcome           : ==> Parameters: 
2025-05-15T12:48:07.070+08:00 DEBUG 9588 --- [http-nio-8080-exec-10] xjtu.dao.OutcomeDao.getOutcome           : ==>  Preparing: select * from outcome where evaluation != '';
2025-05-15T12:48:07.070+08:00 DEBUG 9588 --- [http-nio-8080-exec-1] xjtu.dao.OutcomeDao.getOutcome           : ==> Parameters: 
2025-05-15T12:48:07.070+08:00 DEBUG 9588 --- [http-nio-8080-exec-3] xjtu.dao.OutcomeDao.getOutcome           : ==> Parameters: 
2025-05-15T12:48:07.070+08:00 DEBUG 9588 --- [http-nio-8080-exec-10] xjtu.dao.OutcomeDao.getOutcome           : ==> Parameters: 
2025-05-15T12:48:07.081+08:00 DEBUG 9588 --- [http-nio-8080-exec-3] xjtu.dao.OutcomeDao.getOutcome           : <==      Total: 56
2025-05-15T12:48:07.081+08:00 DEBUG 9588 --- [http-nio-8080-exec-10] xjtu.dao.OutcomeDao.getOutcome           : <==      Total: 56
2025-05-15T12:48:07.082+08:00 DEBUG 9588 --- [http-nio-8080-exec-9] xjtu.dao.OutcomeDao.getOutcome           : <==      Total: 56
2025-05-15T12:48:07.082+08:00 DEBUG 9588 --- [http-nio-8080-exec-1] xjtu.dao.OutcomeDao.getOutcome           : <==      Total: 56
2025-05-15T12:48:07.082+08:00 DEBUG 9588 --- [http-nio-8080-exec-10] x.dao.ExperimentDao.getExperimentByUser  : ==>  Preparing: select * from experiment where user_account = ?;
2025-05-15T12:48:07.082+08:00 DEBUG 9588 --- [http-nio-8080-exec-1] x.dao.ExperimentDao.getExperimentByUser  : ==>  Preparing: select * from experiment where user_account = ?;
2025-05-15T12:48:07.082+08:00 DEBUG 9588 --- [http-nio-8080-exec-3] x.dao.ExperimentDao.getExperimentByUser  : ==>  Preparing: select * from experiment where user_account = ?;
2025-05-15T12:48:07.082+08:00 DEBUG 9588 --- [http-nio-8080-exec-9] x.dao.ExperimentDao.getExperimentByUser  : ==>  Preparing: select * from experiment where user_account = ?;
2025-05-15T12:48:07.082+08:00 DEBUG 9588 --- [http-nio-8080-exec-10] x.dao.ExperimentDao.getExperimentByUser  : ==> Parameters: admin(String)
2025-05-15T12:48:07.083+08:00 DEBUG 9588 --- [http-nio-8080-exec-3] x.dao.ExperimentDao.getExperimentByUser  : ==> Parameters: admin(String)
2025-05-15T12:48:07.083+08:00 DEBUG 9588 --- [http-nio-8080-exec-1] x.dao.ExperimentDao.getExperimentByUser  : ==> Parameters: admin(String)
2025-05-15T12:48:07.083+08:00 DEBUG 9588 --- [http-nio-8080-exec-9] x.dao.ExperimentDao.getExperimentByUser  : ==> Parameters: admin(String)
2025-05-15T12:48:07.088+08:00 DEBUG 9588 --- [http-nio-8080-exec-10] x.dao.ExperimentDao.getExperimentByUser  : <==      Total: 9
2025-05-15T12:48:07.088+08:00 DEBUG 9588 --- [http-nio-8080-exec-3] x.dao.ExperimentDao.getExperimentByUser  : <==      Total: 9
2025-05-15T12:48:07.089+08:00 DEBUG 9588 --- [http-nio-8080-exec-1] x.dao.ExperimentDao.getExperimentByUser  : <==      Total: 9
2025-05-15T12:48:07.089+08:00 DEBUG 9588 --- [http-nio-8080-exec-3] x.d.O.getOutcomeIdByDataset              : ==>  Preparing: select outcome_id from outcome_dataset where dataset_type = ?;
2025-05-15T12:48:07.089+08:00 DEBUG 9588 --- [http-nio-8080-exec-10] x.d.O.getOutcomeIdByDataset              : ==>  Preparing: select outcome_id from outcome_dataset where dataset_type = ?;
2025-05-15T12:48:07.089+08:00 DEBUG 9588 --- [http-nio-8080-exec-1] x.d.O.getOutcomeIdByDataset              : ==>  Preparing: select outcome_id from outcome_dataset where dataset_type = ?;
2025-05-15T12:48:07.089+08:00 DEBUG 9588 --- [http-nio-8080-exec-9] x.dao.ExperimentDao.getExperimentByUser  : <==      Total: 9
2025-05-15T12:48:07.089+08:00 DEBUG 9588 --- [http-nio-8080-exec-3] x.d.O.getOutcomeIdByDataset              : ==> Parameters: 1(Integer)
2025-05-15T12:48:07.089+08:00 DEBUG 9588 --- [http-nio-8080-exec-10] x.d.O.getOutcomeIdByDataset              : ==> Parameters: 1(Integer)
2025-05-15T12:48:07.090+08:00 DEBUG 9588 --- [http-nio-8080-exec-1] x.d.O.getOutcomeIdByDataset              : ==> Parameters: 1(Integer)
2025-05-15T12:48:07.090+08:00 DEBUG 9588 --- [http-nio-8080-exec-9] x.d.O.getOutcomeIdByDataset              : ==>  Preparing: select outcome_id from outcome_dataset where dataset_type = ?;
2025-05-15T12:48:07.091+08:00 DEBUG 9588 --- [http-nio-8080-exec-1] x.d.O.getOutcomeIdByDataset              : <==      Total: 7
2025-05-15T12:48:07.091+08:00 DEBUG 9588 --- [http-nio-8080-exec-10] x.d.O.getOutcomeIdByDataset              : <==      Total: 7
2025-05-15T12:48:07.091+08:00 DEBUG 9588 --- [http-nio-8080-exec-3] x.d.O.getOutcomeIdByDataset              : <==      Total: 7
2025-05-15T12:48:07.092+08:00 DEBUG 9588 --- [http-nio-8080-exec-9] x.d.O.getOutcomeIdByDataset              : ==> Parameters: 1(Integer)
2025-05-15T12:48:07.094+08:00 DEBUG 9588 --- [http-nio-8080-exec-9] x.d.O.getOutcomeIdByDataset              : <==      Total: 7
2025-05-15T12:48:13.230+08:00 DEBUG 9588 --- [http-nio-8080-exec-4] xjtu.dao.OutcomeDao.getOutcome           : ==>  Preparing: select * from outcome where evaluation != '';
2025-05-15T12:48:13.231+08:00 DEBUG 9588 --- [http-nio-8080-exec-4] xjtu.dao.OutcomeDao.getOutcome           : ==> Parameters: 
2025-05-15T12:48:13.232+08:00 DEBUG 9588 --- [http-nio-8080-exec-4] xjtu.dao.OutcomeDao.getOutcome           : <==      Total: 56
2025-05-15T12:48:13.234+08:00 DEBUG 9588 --- [http-nio-8080-exec-4] x.dao.ExperimentDao.getExperimentByUser  : ==>  Preparing: select * from experiment where user_account = ?;
2025-05-15T12:48:13.234+08:00 DEBUG 9588 --- [http-nio-8080-exec-4] x.dao.ExperimentDao.getExperimentByUser  : ==> Parameters: admin(String)
2025-05-15T12:48:13.235+08:00 DEBUG 9588 --- [http-nio-8080-exec-4] x.dao.ExperimentDao.getExperimentByUser  : <==      Total: 9
2025-05-15T12:48:20.334+08:00 DEBUG 9588 --- [http-nio-8080-exec-7] xjtu.dao.UserDao.findUserByAccount       : ==>  Preparing: SELECT * FROM user WHERE account = ?;
2025-05-15T12:48:20.335+08:00 DEBUG 9588 --- [http-nio-8080-exec-7] xjtu.dao.UserDao.findUserByAccount       : ==> Parameters: admin(String)
2025-05-15T12:48:20.336+08:00 DEBUG 9588 --- [http-nio-8080-exec-7] xjtu.dao.UserDao.findUserByAccount       : <==      Total: 1
2025-05-15T12:48:26.528+08:00 DEBUG 9588 --- [http-nio-8080-exec-8] xjtu.dao.UserDao.listUser                : ==>  Preparing: select * from user;
2025-05-15T12:48:26.528+08:00 DEBUG 9588 --- [http-nio-8080-exec-8] xjtu.dao.UserDao.listUser                : ==> Parameters: 
2025-05-15T12:48:26.531+08:00 DEBUG 9588 --- [http-nio-8080-exec-8] xjtu.dao.UserDao.listUser                : <==      Total: 13
